[ 2023-12-30 16:24:42,171 ] werkzeug - INFO - [31m[1mWARNING: This is a development server. Do not use it in a production deployment. Use a production WSGI server instead.[0m
 * Running on http://127.0.0.1:5000
[ 2023-12-30 16:24:42,171 ] werkzeug - INFO - [33mPress CTRL+C to quit[0m
[ 2023-12-30 16:27:04,503 ] werkzeug - INFO - 127.0.0.1 - - [30/Dec/2023 16:27:04] "GET / HTTP/1.1" 200 -
[ 2023-12-30 16:27:08,752 ] werkzeug - INFO - 127.0.0.1 - - [30/Dec/2023 16:27:08] "GET / HTTP/1.1" 200 -
[ 2023-12-30 16:27:14,466 ] root - INFO - Model Prediction Module : Initiating module prediction
[ 2023-12-30 16:27:14,482 ] root - INFO - Model Prediction Module : Loading model
[ 2023-12-30 16:27:16,113 ] root - INFO - Model Prediction Module : prediction function called
[ 2023-12-30 16:27:16,124 ] root - INFO - Model Prediction Module : Exiting module  STATUS OK
[ 2023-12-30 16:27:16,475 ] matplotlib.category - INFO - Using categorical units to plot a list of strings that are all parsable as floats or dates. If these strings should be plotted as numbers, cast to the appropriate data type before plotting.
[ 2023-12-30 16:27:16,478 ] matplotlib.category - INFO - Using categorical units to plot a list of strings that are all parsable as floats or dates. If these strings should be plotted as numbers, cast to the appropriate data type before plotting.
[ 2023-12-30 16:27:16,480 ] matplotlib.category - INFO - Using categorical units to plot a list of strings that are all parsable as floats or dates. If these strings should be plotted as numbers, cast to the appropriate data type before plotting.
[ 2023-12-30 16:27:16,482 ] matplotlib.category - INFO - Using categorical units to plot a list of strings that are all parsable as floats or dates. If these strings should be plotted as numbers, cast to the appropriate data type before plotting.
[ 2023-12-30 16:27:16,485 ] matplotlib.category - INFO - Using categorical units to plot a list of strings that are all parsable as floats or dates. If these strings should be plotted as numbers, cast to the appropriate data type before plotting.
[ 2023-12-30 16:27:16,487 ] matplotlib.category - INFO - Using categorical units to plot a list of strings that are all parsable as floats or dates. If these strings should be plotted as numbers, cast to the appropriate data type before plotting.
[ 2023-12-30 16:27:16,490 ] matplotlib.category - INFO - Using categorical units to plot a list of strings that are all parsable as floats or dates. If these strings should be plotted as numbers, cast to the appropriate data type before plotting.
[ 2023-12-30 16:27:16,494 ] matplotlib.category - INFO - Using categorical units to plot a list of strings that are all parsable as floats or dates. If these strings should be plotted as numbers, cast to the appropriate data type before plotting.
[ 2023-12-30 16:27:16,496 ] matplotlib.category - INFO - Using categorical units to plot a list of strings that are all parsable as floats or dates. If these strings should be plotted as numbers, cast to the appropriate data type before plotting.
[ 2023-12-30 16:27:16,499 ] matplotlib.category - INFO - Using categorical units to plot a list of strings that are all parsable as floats or dates. If these strings should be plotted as numbers, cast to the appropriate data type before plotting.
[ 2023-12-30 16:27:16,501 ] matplotlib.category - INFO - Using categorical units to plot a list of strings that are all parsable as floats or dates. If these strings should be plotted as numbers, cast to the appropriate data type before plotting.
[ 2023-12-30 16:27:16,504 ] matplotlib.category - INFO - Using categorical units to plot a list of strings that are all parsable as floats or dates. If these strings should be plotted as numbers, cast to the appropriate data type before plotting.
[ 2023-12-30 16:27:16,509 ] matplotlib.category - INFO - Using categorical units to plot a list of strings that are all parsable as floats or dates. If these strings should be plotted as numbers, cast to the appropriate data type before plotting.
[ 2023-12-30 16:27:16,510 ] matplotlib.category - INFO - Using categorical units to plot a list of strings that are all parsable as floats or dates. If these strings should be plotted as numbers, cast to the appropriate data type before plotting.
[ 2023-12-30 16:27:16,512 ] matplotlib.category - INFO - Using categorical units to plot a list of strings that are all parsable as floats or dates. If these strings should be plotted as numbers, cast to the appropriate data type before plotting.
[ 2023-12-30 16:27:16,513 ] matplotlib.category - INFO - Using categorical units to plot a list of strings that are all parsable as floats or dates. If these strings should be plotted as numbers, cast to the appropriate data type before plotting.
[ 2023-12-30 16:27:16,515 ] matplotlib.category - INFO - Using categorical units to plot a list of strings that are all parsable as floats or dates. If these strings should be plotted as numbers, cast to the appropriate data type before plotting.
[ 2023-12-30 16:27:16,515 ] matplotlib.category - INFO - Using categorical units to plot a list of strings that are all parsable as floats or dates. If these strings should be plotted as numbers, cast to the appropriate data type before plotting.
[ 2023-12-30 16:27:17,061 ] werkzeug - INFO - 127.0.0.1 - - [30/Dec/2023 16:27:17] "POST /predict HTTP/1.1" 200 -
