[ 2023-12-30 16:02:24,392 ] werkzeug - INFO - [31m[1mWARNING: This is a development server. Do not use it in a production deployment. Use a production WSGI server instead.[0m
 * Running on http://127.0.0.1:5000
[ 2023-12-30 16:02:24,392 ] werkzeug - INFO - [33mPress CTRL+C to quit[0m
[ 2023-12-30 16:03:42,448 ] werkzeug - INFO - 127.0.0.1 - - [30/Dec/2023 16:03:42] "GET / HTTP/1.1" 200 -
[ 2023-12-30 16:03:43,802 ] root - INFO - Model Prediction Module : Initiating module prediction
[ 2023-12-30 16:03:43,817 ] root - INFO - Model Prediction Module : Loading model
[ 2023-12-30 16:03:45,450 ] root - INFO - Model Prediction Module : prediction function called
[ 2023-12-30 16:03:45,459 ] root - INFO - Model Prediction Module : Exiting module  STATUS OK
[ 2023-12-30 16:03:45,906 ] matplotlib.category - INFO - Using categorical units to plot a list of strings that are all parsable as floats or dates. If these strings should be plotted as numbers, cast to the appropriate data type before plotting.
[ 2023-12-30 16:03:45,909 ] matplotlib.category - INFO - Using categorical units to plot a list of strings that are all parsable as floats or dates. If these strings should be plotted as numbers, cast to the appropriate data type before plotting.
[ 2023-12-30 16:03:45,912 ] matplotlib.category - INFO - Using categorical units to plot a list of strings that are all parsable as floats or dates. If these strings should be plotted as numbers, cast to the appropriate data type before plotting.
[ 2023-12-30 16:03:45,913 ] matplotlib.category - INFO - Using categorical units to plot a list of strings that are all parsable as floats or dates. If these strings should be plotted as numbers, cast to the appropriate data type before plotting.
[ 2023-12-30 16:03:45,915 ] matplotlib.category - INFO - Using categorical units to plot a list of strings that are all parsable as floats or dates. If these strings should be plotted as numbers, cast to the appropriate data type before plotting.
[ 2023-12-30 16:03:45,917 ] matplotlib.category - INFO - Using categorical units to plot a list of strings that are all parsable as floats or dates. If these strings should be plotted as numbers, cast to the appropriate data type before plotting.
[ 2023-12-30 16:03:45,918 ] matplotlib.category - INFO - Using categorical units to plot a list of strings that are all parsable as floats or dates. If these strings should be plotted as numbers, cast to the appropriate data type before plotting.
[ 2023-12-30 16:03:45,920 ] matplotlib.category - INFO - Using categorical units to plot a list of strings that are all parsable as floats or dates. If these strings should be plotted as numbers, cast to the appropriate data type before plotting.
[ 2023-12-30 16:03:45,921 ] matplotlib.category - INFO - Using categorical units to plot a list of strings that are all parsable as floats or dates. If these strings should be plotted as numbers, cast to the appropriate data type before plotting.
[ 2023-12-30 16:03:45,923 ] matplotlib.category - INFO - Using categorical units to plot a list of strings that are all parsable as floats or dates. If these strings should be plotted as numbers, cast to the appropriate data type before plotting.
[ 2023-12-30 16:03:45,925 ] matplotlib.category - INFO - Using categorical units to plot a list of strings that are all parsable as floats or dates. If these strings should be plotted as numbers, cast to the appropriate data type before plotting.
[ 2023-12-30 16:03:45,928 ] matplotlib.category - INFO - Using categorical units to plot a list of strings that are all parsable as floats or dates. If these strings should be plotted as numbers, cast to the appropriate data type before plotting.
[ 2023-12-30 16:03:45,930 ] matplotlib.category - INFO - Using categorical units to plot a list of strings that are all parsable as floats or dates. If these strings should be plotted as numbers, cast to the appropriate data type before plotting.
[ 2023-12-30 16:03:45,931 ] matplotlib.category - INFO - Using categorical units to plot a list of strings that are all parsable as floats or dates. If these strings should be plotted as numbers, cast to the appropriate data type before plotting.
[ 2023-12-30 16:03:45,933 ] matplotlib.category - INFO - Using categorical units to plot a list of strings that are all parsable as floats or dates. If these strings should be plotted as numbers, cast to the appropriate data type before plotting.
[ 2023-12-30 16:03:45,933 ] matplotlib.category - INFO - Using categorical units to plot a list of strings that are all parsable as floats or dates. If these strings should be plotted as numbers, cast to the appropriate data type before plotting.
[ 2023-12-30 16:03:45,935 ] matplotlib.category - INFO - Using categorical units to plot a list of strings that are all parsable as floats or dates. If these strings should be plotted as numbers, cast to the appropriate data type before plotting.
[ 2023-12-30 16:03:45,936 ] matplotlib.category - INFO - Using categorical units to plot a list of strings that are all parsable as floats or dates. If these strings should be plotted as numbers, cast to the appropriate data type before plotting.
[ 2023-12-30 16:03:46,316 ] werkzeug - INFO - 127.0.0.1 - - [30/Dec/2023 16:03:46] "POST /predict HTTP/1.1" 200 -
[ 2023-12-30 16:04:17,586 ] werkzeug - INFO - 127.0.0.1 - - [30/Dec/2023 16:04:17] "GET / HTTP/1.1" 200 -
[ 2023-12-30 16:04:19,194 ] root - INFO - Model Prediction Module : Initiating module prediction
[ 2023-12-30 16:04:19,211 ] root - INFO - Model Prediction Module : Loading model
[ 2023-12-30 16:04:19,427 ] root - INFO - Model Prediction Module : prediction function called
[ 2023-12-30 16:04:19,436 ] root - INFO - Model Prediction Module : Exiting module  STATUS OK
[ 2023-12-30 16:04:19,683 ] matplotlib.category - INFO - Using categorical units to plot a list of strings that are all parsable as floats or dates. If these strings should be plotted as numbers, cast to the appropriate data type before plotting.
[ 2023-12-30 16:04:19,689 ] matplotlib.category - INFO - Using categorical units to plot a list of strings that are all parsable as floats or dates. If these strings should be plotted as numbers, cast to the appropriate data type before plotting.
[ 2023-12-30 16:04:19,693 ] matplotlib.category - INFO - Using categorical units to plot a list of strings that are all parsable as floats or dates. If these strings should be plotted as numbers, cast to the appropriate data type before plotting.
[ 2023-12-30 16:04:19,694 ] matplotlib.category - INFO - Using categorical units to plot a list of strings that are all parsable as floats or dates. If these strings should be plotted as numbers, cast to the appropriate data type before plotting.
[ 2023-12-30 16:04:19,698 ] matplotlib.category - INFO - Using categorical units to plot a list of strings that are all parsable as floats or dates. If these strings should be plotted as numbers, cast to the appropriate data type before plotting.
[ 2023-12-30 16:04:19,700 ] matplotlib.category - INFO - Using categorical units to plot a list of strings that are all parsable as floats or dates. If these strings should be plotted as numbers, cast to the appropriate data type before plotting.
[ 2023-12-30 16:04:19,707 ] matplotlib.category - INFO - Using categorical units to plot a list of strings that are all parsable as floats or dates. If these strings should be plotted as numbers, cast to the appropriate data type before plotting.
[ 2023-12-30 16:04:19,710 ] matplotlib.category - INFO - Using categorical units to plot a list of strings that are all parsable as floats or dates. If these strings should be plotted as numbers, cast to the appropriate data type before plotting.
[ 2023-12-30 16:04:19,712 ] matplotlib.category - INFO - Using categorical units to plot a list of strings that are all parsable as floats or dates. If these strings should be plotted as numbers, cast to the appropriate data type before plotting.
[ 2023-12-30 16:04:19,713 ] matplotlib.category - INFO - Using categorical units to plot a list of strings that are all parsable as floats or dates. If these strings should be plotted as numbers, cast to the appropriate data type before plotting.
[ 2023-12-30 16:04:19,716 ] matplotlib.category - INFO - Using categorical units to plot a list of strings that are all parsable as floats or dates. If these strings should be plotted as numbers, cast to the appropriate data type before plotting.
[ 2023-12-30 16:04:19,725 ] matplotlib.category - INFO - Using categorical units to plot a list of strings that are all parsable as floats or dates. If these strings should be plotted as numbers, cast to the appropriate data type before plotting.
[ 2023-12-30 16:04:19,728 ] matplotlib.category - INFO - Using categorical units to plot a list of strings that are all parsable as floats or dates. If these strings should be plotted as numbers, cast to the appropriate data type before plotting.
[ 2023-12-30 16:04:19,729 ] matplotlib.category - INFO - Using categorical units to plot a list of strings that are all parsable as floats or dates. If these strings should be plotted as numbers, cast to the appropriate data type before plotting.
[ 2023-12-30 16:04:19,730 ] matplotlib.category - INFO - Using categorical units to plot a list of strings that are all parsable as floats or dates. If these strings should be plotted as numbers, cast to the appropriate data type before plotting.
[ 2023-12-30 16:04:19,731 ] matplotlib.category - INFO - Using categorical units to plot a list of strings that are all parsable as floats or dates. If these strings should be plotted as numbers, cast to the appropriate data type before plotting.
[ 2023-12-30 16:04:19,733 ] matplotlib.category - INFO - Using categorical units to plot a list of strings that are all parsable as floats or dates. If these strings should be plotted as numbers, cast to the appropriate data type before plotting.
[ 2023-12-30 16:04:19,738 ] matplotlib.category - INFO - Using categorical units to plot a list of strings that are all parsable as floats or dates. If these strings should be plotted as numbers, cast to the appropriate data type before plotting.
[ 2023-12-30 16:04:20,294 ] werkzeug - INFO - 127.0.0.1 - - [30/Dec/2023 16:04:20] "POST /predict HTTP/1.1" 200 -
[ 2023-12-30 16:04:22,892 ] root - INFO - Model Prediction Module : Initiating module prediction
[ 2023-12-30 16:04:22,899 ] root - INFO - Model Prediction Module : Loading model
[ 2023-12-30 16:04:23,111 ] root - INFO - Model Prediction Module : prediction function called
[ 2023-12-30 16:04:23,116 ] root - INFO - Model Prediction Module : Exiting module  STATUS OK
[ 2023-12-30 16:04:23,263 ] matplotlib.category - INFO - Using categorical units to plot a list of strings that are all parsable as floats or dates. If these strings should be plotted as numbers, cast to the appropriate data type before plotting.
[ 2023-12-30 16:04:23,264 ] matplotlib.category - INFO - Using categorical units to plot a list of strings that are all parsable as floats or dates. If these strings should be plotted as numbers, cast to the appropriate data type before plotting.
[ 2023-12-30 16:04:23,266 ] matplotlib.category - INFO - Using categorical units to plot a list of strings that are all parsable as floats or dates. If these strings should be plotted as numbers, cast to the appropriate data type before plotting.
[ 2023-12-30 16:04:23,266 ] matplotlib.category - INFO - Using categorical units to plot a list of strings that are all parsable as floats or dates. If these strings should be plotted as numbers, cast to the appropriate data type before plotting.
[ 2023-12-30 16:04:23,272 ] matplotlib.category - INFO - Using categorical units to plot a list of strings that are all parsable as floats or dates. If these strings should be plotted as numbers, cast to the appropriate data type before plotting.
[ 2023-12-30 16:04:23,274 ] matplotlib.category - INFO - Using categorical units to plot a list of strings that are all parsable as floats or dates. If these strings should be plotted as numbers, cast to the appropriate data type before plotting.
[ 2023-12-30 16:04:23,275 ] matplotlib.category - INFO - Using categorical units to plot a list of strings that are all parsable as floats or dates. If these strings should be plotted as numbers, cast to the appropriate data type before plotting.
[ 2023-12-30 16:04:23,276 ] matplotlib.category - INFO - Using categorical units to plot a list of strings that are all parsable as floats or dates. If these strings should be plotted as numbers, cast to the appropriate data type before plotting.
[ 2023-12-30 16:04:23,277 ] matplotlib.category - INFO - Using categorical units to plot a list of strings that are all parsable as floats or dates. If these strings should be plotted as numbers, cast to the appropriate data type before plotting.
[ 2023-12-30 16:04:23,278 ] matplotlib.category - INFO - Using categorical units to plot a list of strings that are all parsable as floats or dates. If these strings should be plotted as numbers, cast to the appropriate data type before plotting.
[ 2023-12-30 16:04:23,280 ] matplotlib.category - INFO - Using categorical units to plot a list of strings that are all parsable as floats or dates. If these strings should be plotted as numbers, cast to the appropriate data type before plotting.
[ 2023-12-30 16:04:23,282 ] matplotlib.category - INFO - Using categorical units to plot a list of strings that are all parsable as floats or dates. If these strings should be plotted as numbers, cast to the appropriate data type before plotting.
[ 2023-12-30 16:04:23,285 ] matplotlib.category - INFO - Using categorical units to plot a list of strings that are all parsable as floats or dates. If these strings should be plotted as numbers, cast to the appropriate data type before plotting.
[ 2023-12-30 16:04:23,286 ] matplotlib.category - INFO - Using categorical units to plot a list of strings that are all parsable as floats or dates. If these strings should be plotted as numbers, cast to the appropriate data type before plotting.
[ 2023-12-30 16:04:23,286 ] matplotlib.category - INFO - Using categorical units to plot a list of strings that are all parsable as floats or dates. If these strings should be plotted as numbers, cast to the appropriate data type before plotting.
[ 2023-12-30 16:04:23,288 ] matplotlib.category - INFO - Using categorical units to plot a list of strings that are all parsable as floats or dates. If these strings should be plotted as numbers, cast to the appropriate data type before plotting.
[ 2023-12-30 16:04:23,289 ] matplotlib.category - INFO - Using categorical units to plot a list of strings that are all parsable as floats or dates. If these strings should be plotted as numbers, cast to the appropriate data type before plotting.
[ 2023-12-30 16:04:23,289 ] matplotlib.category - INFO - Using categorical units to plot a list of strings that are all parsable as floats or dates. If these strings should be plotted as numbers, cast to the appropriate data type before plotting.
[ 2023-12-30 16:04:23,539 ] werkzeug - INFO - 127.0.0.1 - - [30/Dec/2023 16:04:23] "POST /predict HTTP/1.1" 200 -
