[ 2023-12-23 16:13:52,967 ] cassandra.cluster - WARNING - [control connection] Error connecting to b4f3ea91-e7e0-4c8f-b0df-892dd965ee51-us-east-2.db.astra.datastax.com:29042:f4515452-d4ea-4db5-9a1a-126f69880eb2:
Traceback (most recent call last):
  File "cassandra\cluster.py", line 3541, in cassandra.cluster.ControlConnection._reconnect_internal
  File "cassandra\cluster.py", line 3563, in cassandra.cluster.ControlConnection._try_connect
  File "cassandra\cluster.py", line 1630, in cassandra.cluster.Cluster.connection_factory
  File "cassandra\connection.py", line 859, in cassandra.connection.Connection.factory
cassandra.OperationTimedOut: errors=Timed out creating connection (5 seconds), last_host=None
[ 2023-12-23 16:13:57,969 ] cassandra.cluster - WARNING - [control connection] Error connecting to b4f3ea91-e7e0-4c8f-b0df-892dd965ee51-us-east-2.db.astra.datastax.com:29042:7d1e19c9-12a6-4994-98b3-32954b433065:
Traceback (most recent call last):
  File "cassandra\cluster.py", line 3541, in cassandra.cluster.ControlConnection._reconnect_internal
  File "cassandra\cluster.py", line 3563, in cassandra.cluster.ControlConnection._try_connect
  File "cassandra\cluster.py", line 1630, in cassandra.cluster.Cluster.connection_factory
  File "cassandra\connection.py", line 859, in cassandra.connection.Connection.factory
cassandra.OperationTimedOut: errors=Timed out creating connection (5 seconds), last_host=None
[ 2023-12-23 16:14:02,972 ] cassandra.cluster - WARNING - [control connection] Error connecting to b4f3ea91-e7e0-4c8f-b0df-892dd965ee51-us-east-2.db.astra.datastax.com:29042:1a5f7e27-f14d-4f80-a469-34d79daa6e3d:
Traceback (most recent call last):
  File "cassandra\cluster.py", line 3541, in cassandra.cluster.ControlConnection._reconnect_internal
  File "cassandra\cluster.py", line 3563, in cassandra.cluster.ControlConnection._try_connect
  File "cassandra\cluster.py", line 1630, in cassandra.cluster.Cluster.connection_factory
  File "cassandra\connection.py", line 859, in cassandra.connection.Connection.factory
cassandra.OperationTimedOut: errors=Timed out creating connection (5 seconds), last_host=None
[ 2023-12-23 16:14:02,973 ] cassandra.cluster - ERROR - Control connection failed to connect, shutting down Cluster:
Traceback (most recent call last):
  File "cassandra\cluster.py", line 1700, in cassandra.cluster.Cluster.connect
  File "cassandra\cluster.py", line 3507, in cassandra.cluster.ControlConnection.connect
  File "cassandra\cluster.py", line 3552, in cassandra.cluster.ControlConnection._reconnect_internal
cassandra.cluster.NoHostAvailable: ('Unable to connect to any servers', {'b4f3ea91-e7e0-4c8f-b0df-892dd965ee51-us-east-2.db.astra.datastax.com:29042:f4515452-d4ea-4db5-9a1a-126f69880eb2': OperationTimedOut('errors=Timed out creating connection (5 seconds), last_host=None'), 'b4f3ea91-e7e0-4c8f-b0df-892dd965ee51-us-east-2.db.astra.datastax.com:29042:7d1e19c9-12a6-4994-98b3-32954b433065': OperationTimedOut('errors=Timed out creating connection (5 seconds), last_host=None'), 'b4f3ea91-e7e0-4c8f-b0df-892dd965ee51-us-east-2.db.astra.datastax.com:29042:1a5f7e27-f14d-4f80-a469-34d79daa6e3d': OperationTimedOut('errors=Timed out creating connection (5 seconds), last_host=None')})
[ 2023-12-23 16:14:02,974 ] root - INFO - Cassandra connection error: ('Unable to connect to any servers', {'b4f3ea91-e7e0-4c8f-b0df-892dd965ee51-us-east-2.db.astra.datastax.com:29042:f4515452-d4ea-4db5-9a1a-126f69880eb2': OperationTimedOut('errors=Timed out creating connection (5 seconds), last_host=None'), 'b4f3ea91-e7e0-4c8f-b0df-892dd965ee51-us-east-2.db.astra.datastax.com:29042:7d1e19c9-12a6-4994-98b3-32954b433065': OperationTimedOut('errors=Timed out creating connection (5 seconds), last_host=None'), 'b4f3ea91-e7e0-4c8f-b0df-892dd965ee51-us-east-2.db.astra.datastax.com:29042:1a5f7e27-f14d-4f80-a469-34d79daa6e3d': OperationTimedOut('errors=Timed out creating connection (5 seconds), last_host=None')})
[ 2023-12-23 16:14:02,974 ] root - INFO - fetching_database failed 'NoneType' object has no attribute 'connect'
[ 2023-12-23 16:14:02,983 ] root - INFO - Initializing the Ingestion Module
[ 2023-12-23 16:14:02,983 ] root - INFO - Ingestion Module : iterating over data price column
[ 2023-12-23 16:14:03,319 ] root - INFO - Ingestion Module : iterating over data Null value detected 0
[ 2023-12-23 16:14:03,319 ] root - INFO - Ingestion Module : Column Price datatype converted to float type
[ 2023-12-23 16:14:03,359 ] root - INFO - Ingestion Module : Column Date datatype converted to Date type
[ 2023-12-23 16:14:03,369 ] root - INFO - Ingestion Module : data formatted into date type
[ 2023-12-23 16:14:03,373 ] root - INFO - Ingestion Module : Sorting dates accordance to calender and setting date col as index
[ 2023-12-23 16:14:03,374 ] root - INFO - Ingestion Module : Data Ingestion completed.
[ 2023-12-23 16:14:03,374 ] root - INFO - Training module: Initializing
[ 2023-12-23 16:14:03,374 ] root - INFO - Training Module: Initializing model SARIMAX
[ 2023-12-23 16:14:03,388 ] root - INFO - Training Module: Model SARIMAX - data fitting initialize
[ 2023-12-23 16:14:09,505 ] root - INFO - Training Module: Summary:                                      SARIMAX Results                                     
=========================================================================================
Dep. Variable:                             Price   No. Observations:                 2555
Model:             SARIMAX(1, 1, 1)x(1, 1, 1, 7)   Log Likelihood               -4880.322
Date:                           Sat, 23 Dec 2023   AIC                           9770.645
Time:                                   16:14:08   BIC                           9799.858
Sample:                                        0   HQIC                          9781.240
                                          - 2555                                         
Covariance Type:                             opg                                         
==============================================================================
                 coef    std err          z      P>|z|      [0.025      0.975]
------------------------------------------------------------------------------
ar.L1         -0.3753      0.455     -0.825      0.409      -1.267       0.516
ma.L1          0.3968      0.451      0.879      0.379      -0.488       1.281
ar.S.L7        0.0157      0.013      1.204      0.228      -0.010       0.041
ma.S.L7       -0.9999      0.195     -5.125      0.000      -1.382      -0.618
sigma2         2.6597      0.521      5.109      0.000       1.639       3.680
===================================================================================
Ljung-Box (L1) (Q):                   0.14   Jarque-Bera (JB):             10017.15
Prob(Q):                              0.70   Prob(JB):                         0.00
Heteroskedasticity (H):               3.49   Skew:                            -0.85
Prob(H) (two-sided):                  0.00   Kurtosis:                        12.57
===================================================================================

Warnings:
[1] Covariance matrix calculated using the outer product of gradients (complex-step).
[ 2023-12-23 16:14:09,529 ] root - INFO - Training Module: Predictions:            Date  Lower_Bound  Upper_Bound
2555 2023-12-21    75.183140    81.584567
2556 2023-12-22    73.808911    82.959532
2557 2023-12-25    72.804729    84.021585
2558 2023-12-26    71.977392    84.944785
2559 2023-12-27    71.185128    85.690102
2560 2023-12-28    70.574051    86.469669
2561 2023-12-29    69.829169    87.002806
Training Module: Execution time: 0.002523183822631836
 The aic and bic attributes of model Akaike Information Criterion and Bayesian Information Criterion, respectively	: aic_value = 9770.644666407945  
 bic_value = 9799.858023782843
[ 2023-12-23 16:14:10,165 ] root - INFO - Training Module: Model saved successfully
