[ 2023-12-23 00:42:25,242 ] cassandra.cluster - WARNING - Downgrading core protocol version from 66 to 65 for b4f3ea91-e7e0-4c8f-b0df-892dd965ee51-us-east-2.db.astra.datastax.com:29042:f4515452-d4ea-4db5-9a1a-126f69880eb2. To avoid this, it is best practice to explicitly set Cluster(protocol_version) to the version supported by your cluster. http://datastax.github.io/python-driver/api/cassandra/cluster.html#cassandra.cluster.Cluster.protocol_version
[ 2023-12-23 00:42:26,472 ] cassandra.cluster - WARNING - Downgrading core protocol version from 65 to 5 for b4f3ea91-e7e0-4c8f-b0df-892dd965ee51-us-east-2.db.astra.datastax.com:29042:f4515452-d4ea-4db5-9a1a-126f69880eb2. To avoid this, it is best practice to explicitly set Cluster(protocol_version) to the version supported by your cluster. http://datastax.github.io/python-driver/api/cassandra/cluster.html#cassandra.cluster.Cluster.protocol_version
[ 2023-12-23 00:42:27,869 ] cassandra.connection - ERROR - Closing connection <AsyncoreConnection(1867831725456) b4f3ea91-e7e0-4c8f-b0df-892dd965ee51-us-east-2.db.astra.datastax.com:29042:f4515452-d4ea-4db5-9a1a-126f69880eb2> due to protocol error: Error from server: code=000a [Protocol error] message="Beta version of the protocol used (5/v5-beta), but USE_BETA flag is unset"
[ 2023-12-23 00:42:27,870 ] cassandra.cluster - WARNING - Downgrading core protocol version from 5 to 4 for b4f3ea91-e7e0-4c8f-b0df-892dd965ee51-us-east-2.db.astra.datastax.com:29042:f4515452-d4ea-4db5-9a1a-126f69880eb2. To avoid this, it is best practice to explicitly set Cluster(protocol_version) to the version supported by your cluster. http://datastax.github.io/python-driver/api/cassandra/cluster.html#cassandra.cluster.Cluster.protocol_version
[ 2023-12-23 00:42:31,386 ] cassandra.policies - INFO - Using datacenter 'us-east-2' for DCAwareRoundRobinPolicy (via host 'b4f3ea91-e7e0-4c8f-b0df-892dd965ee51-us-east-2.db.astra.datastax.com:29042:f4515452-d4ea-4db5-9a1a-126f69880eb2'); if incorrect, please specify a local_dc to the constructor, or limit contact points to local cluster nodes
[ 2023-12-23 00:42:35,868 ] root - INFO - Cassandra connection established 4.0.11-c7d4aa9d7ae5, Cassandra version: 3.28.0
[ 2023-12-23 00:42:38,452 ] root - INFO - Cassandra query initializing fetching data from database
 
[ 2023-12-23 00:42:39,494 ] root - INFO - Cassandra query executed successfully 
 
[ 2023-12-23 00:42:39,885 ] cassandra.protocol - WARNING - Server warning: Aggregation query used without partition key
[ 2023-12-23 00:42:39,886 ] root - INFO - Total number of rows: <cassandra.cluster.ResultSet object at 0x000001B2E37252D0> 
 
[ 2023-12-23 00:42:39,908 ] root - INFO - Initializing the Ingestion Module
[ 2023-12-23 00:42:39,908 ] root - INFO - Ingestion Module : iterating over data price column
[ 2023-12-23 00:42:40,336 ] root - INFO - Ingestion Module : iterating over data Null value detected 0
[ 2023-12-23 00:42:40,337 ] root - INFO - Ingestion Module : Column Price datatype converted to float type
[ 2023-12-23 00:42:40,392 ] root - INFO - Ingestion Module : Column Date datatype converted to Date type
[ 2023-12-23 00:42:40,405 ] root - INFO - Ingestion Module : data formatted into date type
[ 2023-12-23 00:42:40,410 ] root - INFO - Ingestion Module : Sorting dates accordance to calender and setting date col as index
[ 2023-12-23 00:42:40,411 ] root - INFO - Ingestion Module : Data Ingestion completed.
[ 2023-12-23 00:42:40,411 ] root - INFO - Training module: Initializing
[ 2023-12-23 00:42:40,411 ] root - INFO - Training Module: Initializing model SARIMAX
[ 2023-12-23 00:42:40,421 ] root - INFO - Training Module: Model SARIMAX - data fitting initialize
[ 2023-12-23 00:42:50,502 ] root - INFO - Training Module: Summary:                                      SARIMAX Results                                     
=========================================================================================
Dep. Variable:                             Price   No. Observations:                 2555
Model:             SARIMAX(1, 1, 1)x(1, 1, 1, 7)   Log Likelihood               -4880.322
Date:                           Sat, 23 Dec 2023   AIC                           9770.645
Time:                                   00:42:48   BIC                           9799.858
Sample:                                        0   HQIC                          9781.240
                                          - 2555                                         
Covariance Type:                             opg                                         
==============================================================================
                 coef    std err          z      P>|z|      [0.025      0.975]
------------------------------------------------------------------------------
ar.L1         -0.3753      0.455     -0.825      0.409      -1.267       0.516
ma.L1          0.3968      0.451      0.879      0.379      -0.488       1.281
ar.S.L7        0.0157      0.013      1.204      0.228      -0.010       0.041
ma.S.L7       -0.9999      0.195     -5.125      0.000      -1.382      -0.618
sigma2         2.6597      0.521      5.109      0.000       1.639       3.680
===================================================================================
Ljung-Box (L1) (Q):                   0.14   Jarque-Bera (JB):             10017.15
Prob(Q):                              0.70   Prob(JB):                         0.00
Heteroskedasticity (H):               3.49   Skew:                            -0.85
Prob(H) (two-sided):                  0.00   Kurtosis:                        12.57
===================================================================================

Warnings:
[1] Covariance matrix calculated using the outer product of gradients (complex-step).
[ 2023-12-23 00:42:50,534 ] root - INFO - Training Module: Predictions:            Date  Lower_Bound  Upper_Bound
2555 2023-12-21    75.183140    81.584567
2556 2023-12-22    73.808911    82.959532
2557 2023-12-25    72.804729    84.021585
2558 2023-12-26    71.977392    84.944785
2559 2023-12-27    71.185128    85.690102
2560 2023-12-28    70.574051    86.469669
2561 2023-12-29    69.829169    87.002806
Training Module: Execution time: 0.004113912582397461
 The aic and bic attributes of model Akaike Information Criterion and Bayesian Information Criterion, respectively	: aic_value = 9770.644666407945  
 bic_value = 9799.858023782843
[ 2023-12-23 00:42:51,135 ] root - INFO - Training Module: Model saved successfully
