[ 2023-12-30 16:54:23,551 ] werkzeug - INFO - [31m[1mWARNING: This is a development server. Do not use it in a production deployment. Use a production WSGI server instead.[0m
 * Running on http://127.0.0.1:5000
[ 2023-12-30 16:54:23,553 ] werkzeug - INFO - [33mPress CTRL+C to quit[0m
[ 2023-12-30 16:54:40,296 ] werkzeug - INFO - 127.0.0.1 - - [30/Dec/2023 16:54:40] "GET / HTTP/1.1" 200 -
[ 2023-12-30 16:54:47,202 ] root - INFO - Model Prediction Module : Initiating module prediction
[ 2023-12-30 16:54:47,217 ] root - INFO - Model Prediction Module : Loading model
[ 2023-12-30 16:54:48,568 ] root - INFO - Model Prediction Module : prediction function called
[ 2023-12-30 16:54:48,572 ] root - INFO - Model Prediction Module : Exiting module  STATUS OK
[ 2023-12-30 16:54:48,617 ] matplotlib.category - INFO - Using categorical units to plot a list of strings that are all parsable as floats or dates. If these strings should be plotted as numbers, cast to the appropriate data type before plotting.
[ 2023-12-30 16:54:48,619 ] matplotlib.category - INFO - Using categorical units to plot a list of strings that are all parsable as floats or dates. If these strings should be plotted as numbers, cast to the appropriate data type before plotting.
[ 2023-12-30 16:54:48,621 ] matplotlib.category - INFO - Using categorical units to plot a list of strings that are all parsable as floats or dates. If these strings should be plotted as numbers, cast to the appropriate data type before plotting.
[ 2023-12-30 16:54:48,622 ] matplotlib.category - INFO - Using categorical units to plot a list of strings that are all parsable as floats or dates. If these strings should be plotted as numbers, cast to the appropriate data type before plotting.
[ 2023-12-30 16:54:48,623 ] matplotlib.category - INFO - Using categorical units to plot a list of strings that are all parsable as floats or dates. If these strings should be plotted as numbers, cast to the appropriate data type before plotting.
[ 2023-12-30 16:54:48,624 ] matplotlib.category - INFO - Using categorical units to plot a list of strings that are all parsable as floats or dates. If these strings should be plotted as numbers, cast to the appropriate data type before plotting.
[ 2023-12-30 16:54:48,626 ] matplotlib.category - INFO - Using categorical units to plot a list of strings that are all parsable as floats or dates. If these strings should be plotted as numbers, cast to the appropriate data type before plotting.
[ 2023-12-30 16:54:48,626 ] matplotlib.category - INFO - Using categorical units to plot a list of strings that are all parsable as floats or dates. If these strings should be plotted as numbers, cast to the appropriate data type before plotting.
[ 2023-12-30 16:54:48,627 ] matplotlib.category - INFO - Using categorical units to plot a list of strings that are all parsable as floats or dates. If these strings should be plotted as numbers, cast to the appropriate data type before plotting.
[ 2023-12-30 16:54:48,627 ] matplotlib.category - INFO - Using categorical units to plot a list of strings that are all parsable as floats or dates. If these strings should be plotted as numbers, cast to the appropriate data type before plotting.
[ 2023-12-30 16:54:48,629 ] matplotlib.category - INFO - Using categorical units to plot a list of strings that are all parsable as floats or dates. If these strings should be plotted as numbers, cast to the appropriate data type before plotting.
[ 2023-12-30 16:54:48,631 ] matplotlib.category - INFO - Using categorical units to plot a list of strings that are all parsable as floats or dates. If these strings should be plotted as numbers, cast to the appropriate data type before plotting.
[ 2023-12-30 16:54:48,634 ] matplotlib.category - INFO - Using categorical units to plot a list of strings that are all parsable as floats or dates. If these strings should be plotted as numbers, cast to the appropriate data type before plotting.
[ 2023-12-30 16:54:48,634 ] matplotlib.category - INFO - Using categorical units to plot a list of strings that are all parsable as floats or dates. If these strings should be plotted as numbers, cast to the appropriate data type before plotting.
[ 2023-12-30 16:54:48,636 ] matplotlib.category - INFO - Using categorical units to plot a list of strings that are all parsable as floats or dates. If these strings should be plotted as numbers, cast to the appropriate data type before plotting.
[ 2023-12-30 16:54:48,637 ] matplotlib.category - INFO - Using categorical units to plot a list of strings that are all parsable as floats or dates. If these strings should be plotted as numbers, cast to the appropriate data type before plotting.
[ 2023-12-30 16:54:48,638 ] matplotlib.category - INFO - Using categorical units to plot a list of strings that are all parsable as floats or dates. If these strings should be plotted as numbers, cast to the appropriate data type before plotting.
[ 2023-12-30 16:54:48,639 ] matplotlib.category - INFO - Using categorical units to plot a list of strings that are all parsable as floats or dates. If these strings should be plotted as numbers, cast to the appropriate data type before plotting.
[ 2023-12-30 16:54:48,944 ] werkzeug - INFO - 127.0.0.1 - - [30/Dec/2023 16:54:48] "POST /predict HTTP/1.1" 200 -
[ 2023-12-30 17:25:34,019 ] werkzeug - INFO - 127.0.0.1 - - [30/Dec/2023 17:25:34] "GET / HTTP/1.1" 200 -
[ 2023-12-30 17:25:43,345 ] root - INFO - Model Prediction Module : Initiating module prediction
[ 2023-12-30 17:25:43,373 ] root - INFO - Model Prediction Module : Loading model
[ 2023-12-30 17:25:43,622 ] root - INFO - Model Prediction Module : prediction function called
[ 2023-12-30 17:25:43,632 ] root - INFO - Model Prediction Module : Exiting module  STATUS OK
[ 2023-12-30 17:25:43,689 ] matplotlib.category - INFO - Using categorical units to plot a list of strings that are all parsable as floats or dates. If these strings should be plotted as numbers, cast to the appropriate data type before plotting.
[ 2023-12-30 17:25:43,691 ] matplotlib.category - INFO - Using categorical units to plot a list of strings that are all parsable as floats or dates. If these strings should be plotted as numbers, cast to the appropriate data type before plotting.
[ 2023-12-30 17:25:43,693 ] matplotlib.category - INFO - Using categorical units to plot a list of strings that are all parsable as floats or dates. If these strings should be plotted as numbers, cast to the appropriate data type before plotting.
[ 2023-12-30 17:25:43,695 ] matplotlib.category - INFO - Using categorical units to plot a list of strings that are all parsable as floats or dates. If these strings should be plotted as numbers, cast to the appropriate data type before plotting.
[ 2023-12-30 17:25:43,698 ] matplotlib.category - INFO - Using categorical units to plot a list of strings that are all parsable as floats or dates. If these strings should be plotted as numbers, cast to the appropriate data type before plotting.
[ 2023-12-30 17:25:43,701 ] matplotlib.category - INFO - Using categorical units to plot a list of strings that are all parsable as floats or dates. If these strings should be plotted as numbers, cast to the appropriate data type before plotting.
[ 2023-12-30 17:25:43,702 ] matplotlib.category - INFO - Using categorical units to plot a list of strings that are all parsable as floats or dates. If these strings should be plotted as numbers, cast to the appropriate data type before plotting.
[ 2023-12-30 17:25:43,704 ] matplotlib.category - INFO - Using categorical units to plot a list of strings that are all parsable as floats or dates. If these strings should be plotted as numbers, cast to the appropriate data type before plotting.
[ 2023-12-30 17:25:43,707 ] matplotlib.category - INFO - Using categorical units to plot a list of strings that are all parsable as floats or dates. If these strings should be plotted as numbers, cast to the appropriate data type before plotting.
[ 2023-12-30 17:25:43,709 ] matplotlib.category - INFO - Using categorical units to plot a list of strings that are all parsable as floats or dates. If these strings should be plotted as numbers, cast to the appropriate data type before plotting.
[ 2023-12-30 17:25:43,711 ] matplotlib.category - INFO - Using categorical units to plot a list of strings that are all parsable as floats or dates. If these strings should be plotted as numbers, cast to the appropriate data type before plotting.
[ 2023-12-30 17:25:43,715 ] matplotlib.category - INFO - Using categorical units to plot a list of strings that are all parsable as floats or dates. If these strings should be plotted as numbers, cast to the appropriate data type before plotting.
[ 2023-12-30 17:25:43,719 ] matplotlib.category - INFO - Using categorical units to plot a list of strings that are all parsable as floats or dates. If these strings should be plotted as numbers, cast to the appropriate data type before plotting.
[ 2023-12-30 17:25:43,721 ] matplotlib.category - INFO - Using categorical units to plot a list of strings that are all parsable as floats or dates. If these strings should be plotted as numbers, cast to the appropriate data type before plotting.
[ 2023-12-30 17:25:43,722 ] matplotlib.category - INFO - Using categorical units to plot a list of strings that are all parsable as floats or dates. If these strings should be plotted as numbers, cast to the appropriate data type before plotting.
[ 2023-12-30 17:25:43,723 ] matplotlib.category - INFO - Using categorical units to plot a list of strings that are all parsable as floats or dates. If these strings should be plotted as numbers, cast to the appropriate data type before plotting.
[ 2023-12-30 17:25:43,725 ] matplotlib.category - INFO - Using categorical units to plot a list of strings that are all parsable as floats or dates. If these strings should be plotted as numbers, cast to the appropriate data type before plotting.
[ 2023-12-30 17:25:43,727 ] matplotlib.category - INFO - Using categorical units to plot a list of strings that are all parsable as floats or dates. If these strings should be plotted as numbers, cast to the appropriate data type before plotting.
[ 2023-12-30 17:25:44,428 ] werkzeug - INFO - 127.0.0.1 - - [30/Dec/2023 17:25:44] "POST /predict HTTP/1.1" 200 -
